Arguments: 
  C:\Program Files (x86)\nodejs\node.exe C:\Program Files (x86)\Yarn\bin\yarn.js start

PATH: 
  C:\Users\Admin\bin;C:\Program Files\Git\mingw64\bin;C:\Program Files\Git\usr\local\bin;C:\Program Files\Git\usr\bin;C:\Program Files\Git\usr\bin;C:\Program Files\Git\mingw64\bin;C:\Program Files\Git\usr\bin;C:\Users\Admin\bin;C:\Program Files\Docker\Docker\Resources\bin;C:\WINDOWS\system32;C:\WINDOWS;C:\WINDOWS\System32\Wbem;C:\WINDOWS\System32\WindowsPowerShell\v1.0;C:\Program Files\Git\cmd;C:\Program Files (x86)\Skype\Phone;C:\Program Files\dotnet;C:\Program Files\Microsoft SQL Server\130\Tools\Binn;C:\Program Files (x86)\Yarn\bin;C:\Program Files (x86)\nodejs;C:\Program Files (x86)\Windows Kits\8.1\Windows Performance Toolkit;C:\WINDOWS\System32\OpenSSH;C:\Users\Admin\AppData\Local\Microsoft\WindowsApps;C:\Program Files\Microsoft VS Code\bin;C:\Users\Admin\AppData\Local\Yarn\bin;C:\Python27;C:\Users\Admin\AppData\Roaming\npm;C:\Users\Admin\AppData\Local\GitHubDesktop\bin;C:\Users\Admin\AppData\Local\Microsoft\WindowsApps;C:\Users\Admin\AppData\Local\atom\bin;C:\Program Files\Git\usr\bin\vendor_perl;C:\Program Files\Git\usr\bin\core_perl

Yarn version: 
  1.5.1

Node version: 
  9.9.0

Platform: 
  win32 ia32

npm manifest: 
  {
    "name": "WestPoint",
    "version": "1.0.0",
    "description": "West Point",
    "main": "gulpfile.js",
    "author": "leenguyenz",
    "license": "MIT",
    "scripts": {
      "start": "gulp",
      "build": "gulp build"
    },
    "devDependencies": {
      "browser-sync": "^2.24.4",
      "gulp": "^3.9.1",
      "gulp-autoprefixer": "^5.0.0",
      "gulp-clean": "^0.4.0",
      "gulp-data": "^1.3.1",
      "gulp-imagemin": "^4.1.0",
      "gulp-pug": "^4.0.1",
      "gulp-sass": "^4.0.1",
      "gulp-sourcemaps": "^2.6.4",
      "gulp-uglify": "^3.0.0",
      "path": "^0.12.7"
    },
    "dependencies": {},
    "repository": {
      "type": "git",
      "url": "https://github.com/leenguyenz"
    },
    "keywords": [
      "gulp",
      "pug",
      "sass",
      "browsersync"
    ]
  }

yarn manifest: 
  No manifest

Lockfile: 
  No lockfile

Trace: 
  Error: Command failed.
  Exit code: 1
  Command: C:\WINDOWS\system32\cmd.exe
  Arguments: /d /s /c gulp
  Directory: C:\projects\Booking
  Output:
  
      at ProcessTermError.MessageError (C:\Program Files (x86)\Yarn\lib\cli.js:186:110)
      at new ProcessTermError (C:\Program Files (x86)\Yarn\lib\cli.js:226:113)
      at ChildProcess.<anonymous> (C:\Program Files (x86)\Yarn\lib\cli.js:30281:17)
      at ChildProcess.emit (events.js:180:13)
      at maybeClose (internal/child_process.js:936:16)
      at Process.ChildProcess._handle.onexit (internal/child_process.js:220:5)
